<?xml version="1.0" encoding="UTF-8"?>
<!-- Generated by org.testng.reporters.JUnitXMLReporter -->
<testsuite ignored="0" hostname="MyNotebookPro44" failures="0" tests="6" name="Test" time="84.718" errors="0" timestamp="2023-01-01T22:51:18 IST">
  <testcase classname="Testcases.testcaseforHeader" name="totestheaderelements" time="19.868"/>
  <testcase classname="Testcases.testcaseforLogin" name="verifyLogin" time="1.479"/>
  <testcase classname="Testcases.testcaseforRegister" name="verifyRegister" time="2.564"/>
  <testcase classname="Testcases.testcaseforForgotYourPassword" name="verifyForgottenPassword" time="2.35"/>
  <testcase classname="Testcases.testcaseforfooter" name="verifyfooter" time="13.038"/>
  <testcase classname="Testcases.testcaseforproductsfeatured" name="verifyproductsaddtocartprice" time="3.464"/>
</testsuite> <!-- Test -->
