<?xml version="1.0" encoding="UTF-8"?>
<testng-results ignored="0" total="6" passed="6" failed="0" skipped="0">
  <reporter-output>
  </reporter-output>
  <suite started-at="2023-01-01T22:49:53 IST" name="Suite" finished-at="2023-01-01T22:51:18 IST" duration-ms="84718">
    <groups>
    </groups>
    <test started-at="2023-01-01T22:49:53 IST" name="Test" finished-at="2023-01-01T22:51:18 IST" duration-ms="84718">
      <class name="Testcases.testcaseforHeader">
        <test-method is-config="true" signature="launch()[pri:0, instance:Testcases.testcaseforHeader@2b91004a]" started-at="2023-01-01T22:49:53 IST" name="launch" finished-at="2023-01-01T22:50:02 IST" duration-ms="9029" status="PASS">
          <reporter-output>
          </reporter-output>
        </test-method> <!-- launch -->
        <test-method signature="totestheaderelements()[pri:0, instance:Testcases.testcaseforHeader@2b91004a]" started-at="2023-01-01T22:50:02 IST" name="totestheaderelements" finished-at="2023-01-01T22:50:22 IST" duration-ms="19868" status="PASS">
          <reporter-output>
          </reporter-output>
        </test-method> <!-- totestheaderelements -->
      </class> <!-- Testcases.testcaseforHeader -->
      <class name="Testcases.testcaseforLogin">
        <test-method is-config="true" signature="launch()[pri:0, instance:Testcases.testcaseforLogin@1de5f259]" started-at="2023-01-01T22:50:22 IST" name="launch" finished-at="2023-01-01T22:50:26 IST" duration-ms="4359" status="PASS">
          <reporter-output>
          </reporter-output>
        </test-method> <!-- launch -->
        <test-method signature="verifyLogin()[pri:0, instance:Testcases.testcaseforLogin@1de5f259]" started-at="2023-01-01T22:50:26 IST" name="verifyLogin" finished-at="2023-01-01T22:50:28 IST" duration-ms="1479" status="PASS">
          <reporter-output>
          </reporter-output>
        </test-method> <!-- verifyLogin -->
      </class> <!-- Testcases.testcaseforLogin -->
      <class name="Testcases.testcaseforproductsfeatured">
        <test-method is-config="true" signature="launch()[pri:0, instance:Testcases.testcaseforproductsfeatured@32502377]" started-at="2023-01-01T22:51:02 IST" name="launch" finished-at="2023-01-01T22:51:14 IST" duration-ms="12090" status="PASS">
          <reporter-output>
          </reporter-output>
        </test-method> <!-- launch -->
        <test-method signature="verifyproductsaddtocartprice()[pri:0, instance:Testcases.testcaseforproductsfeatured@32502377]" started-at="2023-01-01T22:51:14 IST" name="verifyproductsaddtocartprice" finished-at="2023-01-01T22:51:18 IST" duration-ms="3464" status="PASS">
          <reporter-output>
          </reporter-output>
        </test-method> <!-- verifyproductsaddtocartprice -->
      </class> <!-- Testcases.testcaseforproductsfeatured -->
      <class name="Testcases.testcaseforForgotYourPassword">
        <test-method is-config="true" signature="launch()[pri:0, instance:Testcases.testcaseforForgotYourPassword@31fa1761]" started-at="2023-01-01T22:50:37 IST" name="launch" finished-at="2023-01-01T22:50:42 IST" duration-ms="4455" status="PASS">
          <reporter-output>
          </reporter-output>
        </test-method> <!-- launch -->
        <test-method signature="verifyForgottenPassword()[pri:0, instance:Testcases.testcaseforForgotYourPassword@31fa1761]" started-at="2023-01-01T22:50:42 IST" name="verifyForgottenPassword" finished-at="2023-01-01T22:50:44 IST" duration-ms="2350" status="PASS">
          <reporter-output>
          </reporter-output>
        </test-method> <!-- verifyForgottenPassword -->
      </class> <!-- Testcases.testcaseforForgotYourPassword -->
      <class name="Testcases.testcaseforRegister">
        <test-method is-config="true" signature="launch()[pri:0, instance:Testcases.testcaseforRegister@729d991e]" started-at="2023-01-01T22:50:28 IST" name="launch" finished-at="2023-01-01T22:50:35 IST" duration-ms="6812" status="PASS">
          <reporter-output>
          </reporter-output>
        </test-method> <!-- launch -->
        <test-method signature="verifyRegister()[pri:0, instance:Testcases.testcaseforRegister@729d991e]" started-at="2023-01-01T22:50:35 IST" name="verifyRegister" finished-at="2023-01-01T22:50:37 IST" duration-ms="2564" status="PASS">
          <reporter-output>
          </reporter-output>
        </test-method> <!-- verifyRegister -->
      </class> <!-- Testcases.testcaseforRegister -->
      <class name="Testcases.testcaseforfooter">
        <test-method is-config="true" signature="launch()[pri:0, instance:Testcases.testcaseforfooter@957e06]" started-at="2023-01-01T22:50:44 IST" name="launch" finished-at="2023-01-01T22:50:49 IST" duration-ms="5156" status="PASS">
          <reporter-output>
          </reporter-output>
        </test-method> <!-- launch -->
        <test-method signature="verifyfooter()[pri:0, instance:Testcases.testcaseforfooter@957e06]" started-at="2023-01-01T22:50:49 IST" name="verifyfooter" finished-at="2023-01-01T22:51:02 IST" duration-ms="13038" status="PASS">
          <reporter-output>
          </reporter-output>
        </test-method> <!-- verifyfooter -->
      </class> <!-- Testcases.testcaseforfooter -->
    </test> <!-- Test -->
  </suite> <!-- Suite -->
</testng-results>
