<?xml version="1.0" encoding="UTF-8"?>
<testng-results ignored="0" total="1" passed="1" failed="0" skipped="0">
  <reporter-output>
  </reporter-output>
  <suite started-at="2023-01-26T19:04:09 IST" name="Default suite" finished-at="2023-01-26T19:04:52 IST" duration-ms="42623">
    <groups>
    </groups>
    <test started-at="2023-01-26T19:04:09 IST" name="Default test" finished-at="2023-01-26T19:04:52 IST" duration-ms="42623">
      <class name="Testcases.testcaseforproductsfeatured">
        <test-method is-config="true" signature="launch()[pri:0, instance:Testcases.testcaseforproductsfeatured@7133da86]" started-at="2023-01-26T19:04:09 IST" name="launch" finished-at="2023-01-26T19:04:25 IST" duration-ms="16159" status="PASS">
          <reporter-output>
          </reporter-output>
        </test-method> <!-- launch -->
        <test-method signature="verifyproductsaddtocartprice()[pri:0, instance:Testcases.testcaseforproductsfeatured@7133da86]" started-at="2023-01-26T19:04:25 IST" name="verifyproductsaddtocartprice" finished-at="2023-01-26T19:04:52 IST" duration-ms="26326" status="PASS">
          <reporter-output>
          </reporter-output>
        </test-method> <!-- verifyproductsaddtocartprice -->
      </class> <!-- Testcases.testcaseforproductsfeatured -->
    </test> <!-- Default test -->
  </suite> <!-- Default suite -->
</testng-results>
